2025-06-01 12:08:50,009 CRIT Supervisor is running as root.  Privileges were not dropped because no user is specified in the config file.  If you intend to run as root, you can set user=root in the config file to avoid this message.
2025-06-01 12:08:50,014 INFO supervisord started with pid 1
2025-06-01 12:08:51,020 INFO spawned: 'nginx' with pid 285
2025-06-01 12:08:51,033 INFO spawned: 'php-fpm' with pid 286
2025-06-01 12:08:51,044 INFO spawned: 'queue' with pid 287
2025-06-01 12:08:51,339 WARN exited: queue (exit status 1; not expected)
2025-06-01 12:08:52,341 INFO success: nginx entered RUNNING state, process has stayed up for > than 1 seconds (startsecs)
2025-06-01 12:08:52,346 INFO success: php-fpm entered RUNNING state, process has stayed up for > than 1 seconds (startsecs)
2025-06-01 12:08:52,349 INFO spawned: 'queue' with pid 302
2025-06-01 12:08:52,637 WARN exited: queue (exit status 1; not expected)
2025-06-01 12:08:54,641 INFO spawned: 'queue' with pid 307
2025-06-01 12:08:54,899 WARN exited: queue (exit status 1; not expected)
2025-06-01 12:08:57,906 INFO spawned: 'queue' with pid 312
2025-06-01 12:08:58,591 WARN exited: queue (exit status 1; not expected)
2025-06-01 12:08:59,594 INFO gave up: queue entered FATAL state, too many start retries too quickly
2025-06-01 12:15:14,053 INFO reaped unknown pid 472 (exit status 0)
2025-06-01 12:17:56,268 INFO reaped unknown pid 655 (exit status 0)
2025-06-01 12:31:32,380 INFO reaped unknown pid 680 (terminated by SIGKILL)
2025-06-01 12:31:50,406 INFO reaped unknown pid 681 (terminated by SIGINT)
2025-06-01 12:31:50,407 INFO reaped unknown pid 685 (terminated by SIGINT)
2025-06-01 12:31:50,408 INFO reaped unknown pid 679 (terminated by SIGKILL)
2025-06-01 12:35:19,291 INFO reaped unknown pid 696 (terminated by SIGINT)
2025-06-01 12:35:19,293 INFO reaped unknown pid 695 (terminated by SIGINT)
2025-06-01 12:35:29,306 INFO reaped unknown pid 725 (exit status 0)
2025-06-01 12:35:58,358 INFO reaped unknown pid 754 (terminated by SIGKILL)
2025-06-01 12:37:39,706 INFO reaped unknown pid 758 (terminated by SIGKILL)
2025-06-01 12:37:58,732 INFO reaped unknown pid 761 (terminated by SIGKILL)
2025-06-01 12:38:01,738 INFO reaped unknown pid 764 (terminated by SIGKILL)
2025-06-01 12:38:01,739 INFO reaped unknown pid 753 (terminated by SIGKILL)
2025-06-01 12:38:32,787 INFO reaped unknown pid 769 (terminated by SIGKILL)
2025-06-01 12:38:34,792 INFO reaped unknown pid 770 (terminated by SIGKILL)
2025-06-01 12:38:34,794 INFO reaped unknown pid 768 (terminated by SIGKILL)
2025-06-01 12:38:44,920 INFO reaped unknown pid 775 (terminated by SIGKILL)
2025-06-01 12:39:42,995 INFO reaped unknown pid 779 (terminated by SIGKILL)
2025-06-01 12:39:42,996 INFO reaped unknown pid 774 (terminated by SIGKILL)
2025-06-01 12:40:00,022 INFO reaped unknown pid 808 (exit status 0)
2025-06-01 12:53:13,125 WARN received SIGQUIT indicating exit request
2025-06-01 12:53:13,128 INFO waiting for nginx, php-fpm to die
2025-06-01 12:53:14,151 INFO stopped: php-fpm (exit status 0)
2025-06-01 12:53:15,164 INFO stopped: nginx (exit status 0)
2025-06-01 12:53:25,011 CRIT Supervisor is running as root.  Privileges were not dropped because no user is specified in the config file.  If you intend to run as root, you can set user=root in the config file to avoid this message.
2025-06-01 12:53:25,017 INFO supervisord started with pid 1
2025-06-01 12:53:26,022 INFO spawned: 'nginx' with pid 10
2025-06-01 12:53:26,029 INFO spawned: 'php-fpm' with pid 11
2025-06-01 12:53:26,036 INFO spawned: 'queue' with pid 12
2025-06-01 12:53:26,330 WARN exited: queue (exit status 1; not expected)
2025-06-01 12:53:27,332 INFO success: nginx entered RUNNING state, process has stayed up for > than 1 seconds (startsecs)
2025-06-01 12:53:27,334 INFO success: php-fpm entered RUNNING state, process has stayed up for > than 1 seconds (startsecs)
2025-06-01 12:53:27,340 INFO spawned: 'queue' with pid 27
2025-06-01 12:53:27,672 WARN exited: queue (exit status 1; not expected)
2025-06-01 12:53:29,677 INFO spawned: 'queue' with pid 32
2025-06-01 12:53:29,954 WARN exited: queue (exit status 1; not expected)
2025-06-01 12:53:32,960 INFO spawned: 'queue' with pid 37
2025-06-01 12:53:33,233 WARN exited: queue (exit status 1; not expected)
2025-06-01 12:53:34,235 INFO gave up: queue entered FATAL state, too many start retries too quickly
2025-06-02 00:07:51,004 INFO reaped unknown pid 105 (exit status 0)
2025-06-02 00:21:04,191 INFO reaped unknown pid 149 (exit status 0)
2025-06-02 00:29:38,221 INFO reaped unknown pid 192 (terminated by SIGINT)
2025-06-02 00:29:49,235 INFO reaped unknown pid 238 (exit status 0)
2025-06-02 00:32:37,466 INFO reaped unknown pid 282 (exit status 0)
2025-06-02 00:32:59,490 INFO reaped unknown pid 313 (exit status 0)
2025-06-02 00:33:27,717 INFO reaped unknown pid 348 (exit status 0)
2025-06-02 00:39:58,838 INFO reaped unknown pid 391 (exit status 0)
2025-06-02 00:42:13,997 INFO reaped unknown pid 444 (exit status 0)
2025-06-02 00:43:59,119 INFO reaped unknown pid 475 (exit status 0)
2025-06-02 00:44:21,146 INFO reaped unknown pid 506 (exit status 0)
2025-06-02 00:44:34,165 INFO reaped unknown pid 537 (exit status 0)
2025-06-02 00:45:31,236 INFO reaped unknown pid 568 (exit status 0)
2025-06-02 00:48:30,447 INFO reaped unknown pid 621 (exit status 0)
2025-06-02 00:49:56,680 INFO reaped unknown pid 665 (exit status 0)
2025-06-02 00:51:11,784 INFO reaped unknown pid 696 (exit status 0)
2025-06-02 00:52:39,892 INFO reaped unknown pid 728 (exit status 0)
2025-06-02 00:58:53,340 INFO reaped unknown pid 759 (exit status 0)
2025-06-02 00:59:16,371 INFO reaped unknown pid 793 (exit status 0)
2025-06-02 00:59:41,401 INFO reaped unknown pid 826 (exit status 0)
2025-06-02 01:01:37,538 INFO reaped unknown pid 861 (exit status 0)
2025-06-02 01:02:16,587 INFO reaped unknown pid 892 (exit status 0)
2025-06-02 01:05:50,843 INFO reaped unknown pid 923 (exit status 0)
2025-06-02 01:06:45,912 INFO reaped unknown pid 957 (exit status 0)
2025-06-02 01:12:30,335 INFO reaped unknown pid 992 (exit status 0)
2025-06-02 01:18:57,071 INFO reaped unknown pid 1023 (exit status 0)
2025-06-02 02:01:25,333 INFO reaped unknown pid 1063 (exit status 0)
2025-06-02 02:03:41,738 INFO reaped unknown pid 1098 (exit status 0)
2025-06-02 02:30:23,013 INFO reaped unknown pid 1135 (exit status 0)
2025-06-02 02:35:02,876 INFO reaped unknown pid 1156 (terminated by SIGKILL)
2025-06-02 02:35:02,877 INFO reaped unknown pid 1155 (terminated by SIGKILL)
2025-06-02 02:35:58,566 INFO reaped unknown pid 1164 (terminated by SIGKILL)
2025-06-02 02:35:58,567 INFO reaped unknown pid 1163 (terminated by SIGKILL)
2026-04-15 02:29:28,533 CRIT Supervisor is running as root.  Privileges were not dropped because no user is specified in the config file.  If you intend to run as root, you can set user=root in the config file to avoid this message.
2026-04-15 02:29:28,547 INFO supervisord started with pid 1
2026-04-15 02:29:29,553 INFO spawned: 'nginx' with pid 9
2026-04-15 02:29:29,562 INFO spawned: 'php-fpm' with pid 10
2026-04-15 02:29:29,573 INFO spawned: 'queue' with pid 11
2026-04-15 02:29:30,707 INFO success: nginx entered RUNNING state, process has stayed up for > than 1 seconds (startsecs)
2026-04-15 02:29:30,708 INFO success: php-fpm entered RUNNING state, process has stayed up for > than 1 seconds (startsecs)
2026-04-15 02:29:30,710 INFO success: queue entered RUNNING state, process has stayed up for > than 1 seconds (startsecs)
2026-04-15 02:29:31,460 WARN exited: queue (exit status 1; not expected)
2026-04-15 02:29:32,470 INFO spawned: 'queue' with pid 26
2026-04-15 02:29:33,480 INFO success: queue entered RUNNING state, process has stayed up for > than 1 seconds (startsecs)
2026-04-15 02:29:34,978 WARN exited: queue (exit status 1; not expected)
2026-04-15 02:29:35,993 INFO spawned: 'queue' with pid 31
2026-04-15 02:29:37,008 INFO success: queue entered RUNNING state, process has stayed up for > than 1 seconds (startsecs)
2026-04-15 02:29:40,013 WARN exited: queue (exit status 1; not expected)
2026-04-15 02:29:41,019 INFO spawned: 'queue' with pid 36
2026-04-15 02:29:42,022 INFO success: queue entered RUNNING state, process has stayed up for > than 1 seconds (startsecs)
2026-04-15 02:29:43,258 WARN exited: queue (exit status 1; not expected)
2026-04-15 02:29:44,264 INFO spawned: 'queue' with pid 41
2026-04-15 02:29:45,267 INFO success: queue entered RUNNING state, process has stayed up for > than 1 seconds (startsecs)
2026-04-15 02:29:46,621 WARN exited: queue (exit status 1; not expected)
2026-04-15 02:29:47,636 INFO spawned: 'queue' with pid 46
2026-04-15 02:29:48,640 INFO success: queue entered RUNNING state, process has stayed up for > than 1 seconds (startsecs)
2026-04-15 02:29:48,847 WARN exited: queue (exit status 1; not expected)
2026-04-15 02:29:49,852 INFO spawned: 'queue' with pid 51
2026-04-15 02:29:50,855 INFO success: queue entered RUNNING state, process has stayed up for > than 1 seconds (startsecs)
2026-04-15 02:29:51,181 WARN exited: queue (exit status 1; not expected)
2026-04-15 02:29:52,191 INFO spawned: 'queue' with pid 56
2026-04-15 02:29:53,213 INFO success: queue entered RUNNING state, process has stayed up for > than 1 seconds (startsecs)
2026-04-15 02:29:53,640 WARN exited: queue (exit status 1; not expected)
2026-04-15 02:29:54,645 INFO spawned: 'queue' with pid 61
2026-04-15 02:29:55,653 INFO success: queue entered RUNNING state, process has stayed up for > than 1 seconds (startsecs)
2026-04-15 02:29:58,322 WARN exited: queue (exit status 1; not expected)
2026-04-15 02:29:59,328 INFO spawned: 'queue' with pid 66
2026-04-15 02:30:00,331 INFO success: queue entered RUNNING state, process has stayed up for > than 1 seconds (startsecs)
2026-04-15 02:30:00,593 WARN exited: queue (exit status 1; not expected)
2026-04-15 02:30:01,592 INFO spawned: 'queue' with pid 71
2026-04-15 02:30:02,597 INFO success: queue entered RUNNING state, process has stayed up for > than 1 seconds (startsecs)
2026-04-15 02:30:04,230 WARN exited: queue (exit status 1; not expected)
2026-04-15 02:30:05,250 INFO spawned: 'queue' with pid 76
2026-04-15 02:30:06,255 INFO success: queue entered RUNNING state, process has stayed up for > than 1 seconds (startsecs)
2026-04-15 02:30:08,687 WARN exited: queue (exit status 1; not expected)
2026-04-15 02:30:09,694 INFO spawned: 'queue' with pid 81
2026-04-15 02:30:10,699 INFO success: queue entered RUNNING state, process has stayed up for > than 1 seconds (startsecs)
2026-04-15 02:30:11,311 WARN exited: queue (exit status 1; not expected)
2026-04-15 02:30:11,315 INFO spawned: 'queue' with pid 86
2026-04-15 02:30:12,318 INFO success: queue entered RUNNING state, process has stayed up for > than 1 seconds (startsecs)
2026-04-15 02:30:12,638 WARN exited: queue (exit status 1; not expected)
2026-04-15 02:30:13,643 INFO spawned: 'queue' with pid 91
2026-04-15 02:30:14,646 INFO success: queue entered RUNNING state, process has stayed up for > than 1 seconds (startsecs)
2026-04-15 02:30:16,013 WARN exited: queue (exit status 1; not expected)
2026-04-15 02:30:17,019 INFO spawned: 'queue' with pid 96
2026-04-15 02:30:18,022 INFO success: queue entered RUNNING state, process has stayed up for > than 1 seconds (startsecs)
2026-04-15 02:30:18,236 WARN exited: queue (exit status 1; not expected)
2026-04-15 02:30:19,241 INFO spawned: 'queue' with pid 101
2026-04-15 02:30:20,244 INFO success: queue entered RUNNING state, process has stayed up for > than 1 seconds (startsecs)
2026-04-15 02:30:20,605 WARN exited: queue (exit status 1; not expected)
2026-04-15 02:30:21,612 INFO spawned: 'queue' with pid 106
2026-04-15 02:30:22,617 INFO success: queue entered RUNNING state, process has stayed up for > than 1 seconds (startsecs)
2026-04-15 02:30:23,239 WARN exited: queue (exit status 1; not expected)
2026-04-15 02:30:24,243 INFO spawned: 'queue' with pid 111
2026-04-15 02:30:25,247 INFO success: queue entered RUNNING state, process has stayed up for > than 1 seconds (startsecs)
2026-04-15 02:30:26,480 WARN exited: queue (exit status 1; not expected)
2026-04-15 02:30:27,493 INFO spawned: 'queue' with pid 116
2026-04-15 02:30:28,497 INFO success: queue entered RUNNING state, process has stayed up for > than 1 seconds (startsecs)
2026-04-15 02:30:28,988 WARN exited: queue (exit status 1; not expected)
2026-04-15 02:30:29,994 INFO spawned: 'queue' with pid 121
2026-04-15 02:30:31,196 INFO success: queue entered RUNNING state, process has stayed up for > than 1 seconds (startsecs)
2026-04-15 02:30:31,223 WARN exited: queue (exit status 1; not expected)
2026-04-15 02:30:32,228 INFO spawned: 'queue' with pid 126
2026-04-15 02:30:33,232 INFO success: queue entered RUNNING state, process has stayed up for > than 1 seconds (startsecs)
2026-04-15 02:30:33,476 WARN exited: queue (exit status 1; not expected)
2026-04-15 02:30:34,482 INFO spawned: 'queue' with pid 131
2026-04-15 02:30:35,487 INFO success: queue entered RUNNING state, process has stayed up for > than 1 seconds (startsecs)
2026-04-15 02:30:36,801 WARN exited: queue (exit status 1; not expected)
2026-04-15 02:30:37,807 INFO spawned: 'queue' with pid 136
2026-04-15 02:30:38,812 INFO success: queue entered RUNNING state, process has stayed up for > than 1 seconds (startsecs)
2026-04-15 02:30:39,141 WARN exited: queue (exit status 1; not expected)
2026-04-15 02:30:40,148 INFO spawned: 'queue' with pid 141
2026-04-15 02:30:41,155 INFO success: queue entered RUNNING state, process has stayed up for > than 1 seconds (startsecs)
2026-04-15 02:30:42,443 WARN exited: queue (exit status 1; not expected)
2026-04-15 02:30:43,448 INFO spawned: 'queue' with pid 146
2026-04-15 02:30:44,475 INFO success: queue entered RUNNING state, process has stayed up for > than 1 seconds (startsecs)
2026-04-15 02:30:45,500 WARN exited: queue (exit status 1; not expected)
2026-04-15 02:30:46,507 INFO spawned: 'queue' with pid 151
2026-04-15 02:30:47,515 INFO success: queue entered RUNNING state, process has stayed up for > than 1 seconds (startsecs)
2026-04-15 02:30:47,919 WARN exited: queue (exit status 1; not expected)
2026-04-15 02:30:48,924 INFO spawned: 'queue' with pid 156
2026-04-15 02:30:49,931 INFO success: queue entered RUNNING state, process has stayed up for > than 1 seconds (startsecs)
2026-04-15 02:30:50,293 WARN exited: queue (exit status 1; not expected)
2026-04-15 02:30:51,298 INFO spawned: 'queue' with pid 161
2026-04-15 02:30:52,306 INFO success: queue entered RUNNING state, process has stayed up for > than 1 seconds (startsecs)
2026-04-15 02:30:52,677 WARN exited: queue (exit status 1; not expected)
2026-04-15 02:30:52,681 INFO spawned: 'queue' with pid 166
2026-04-15 02:30:53,684 INFO success: queue entered RUNNING state, process has stayed up for > than 1 seconds (startsecs)
2026-04-15 02:30:54,015 WARN exited: queue (exit status 1; not expected)
2026-04-15 02:30:55,021 INFO spawned: 'queue' with pid 171
2026-04-15 02:30:56,025 INFO success: queue entered RUNNING state, process has stayed up for > than 1 seconds (startsecs)
2026-04-15 02:30:58,526 WARN exited: queue (exit status 1; not expected)
2026-04-15 02:30:59,534 INFO spawned: 'queue' with pid 176
2026-04-15 02:31:00,538 INFO success: queue entered RUNNING state, process has stayed up for > than 1 seconds (startsecs)
2026-04-15 02:31:01,139 WARN exited: queue (exit status 1; not expected)
2026-04-15 02:31:01,143 INFO spawned: 'queue' with pid 181
2026-04-15 02:31:02,147 INFO success: queue entered RUNNING state, process has stayed up for > than 1 seconds (startsecs)
2026-04-15 02:31:02,534 WARN exited: queue (exit status 1; not expected)
2026-04-15 02:31:03,542 INFO spawned: 'queue' with pid 186
2026-04-15 02:31:04,547 INFO success: queue entered RUNNING state, process has stayed up for > than 1 seconds (startsecs)
2026-04-15 02:31:04,789 WARN exited: queue (exit status 1; not expected)
2026-04-15 02:31:04,793 INFO spawned: 'queue' with pid 191
2026-04-15 02:31:05,796 INFO success: queue entered RUNNING state, process has stayed up for > than 1 seconds (startsecs)
2026-04-15 02:31:07,710 WARN exited: queue (exit status 1; not expected)
2026-04-15 02:31:08,715 INFO spawned: 'queue' with pid 196
2026-04-15 02:31:09,719 INFO success: queue entered RUNNING state, process has stayed up for > than 1 seconds (startsecs)
2026-04-15 02:31:10,113 WARN exited: queue (exit status 1; not expected)
2026-04-15 02:31:11,126 INFO spawned: 'queue' with pid 201
2026-04-15 02:31:12,137 INFO success: queue entered RUNNING state, process has stayed up for > than 1 seconds (startsecs)
2026-04-15 02:31:12,387 WARN exited: queue (exit status 1; not expected)
2026-04-15 02:31:13,393 INFO spawned: 'queue' with pid 206
2026-04-15 02:31:14,396 INFO success: queue entered RUNNING state, process has stayed up for > than 1 seconds (startsecs)
2026-04-15 02:31:14,909 WARN exited: queue (exit status 1; not expected)
2026-04-15 02:31:15,914 INFO spawned: 'queue' with pid 211
2026-04-15 02:31:16,959 INFO success: queue entered RUNNING state, process has stayed up for > than 1 seconds (startsecs)
2026-04-15 02:31:17,776 WARN exited: queue (exit status 1; not expected)
2026-04-15 02:31:18,782 INFO spawned: 'queue' with pid 216
2026-04-15 02:31:19,785 INFO success: queue entered RUNNING state, process has stayed up for > than 1 seconds (startsecs)
2026-04-15 02:31:20,038 WARN exited: queue (exit status 1; not expected)
2026-04-15 02:31:21,044 INFO spawned: 'queue' with pid 221
2026-04-15 02:31:22,046 INFO success: queue entered RUNNING state, process has stayed up for > than 1 seconds (startsecs)
2026-04-15 02:31:22,565 WARN exited: queue (exit status 1; not expected)
2026-04-15 02:31:22,569 INFO spawned: 'queue' with pid 226
2026-04-15 02:31:23,571 INFO success: queue entered RUNNING state, process has stayed up for > than 1 seconds (startsecs)
2026-04-15 02:31:23,804 WARN exited: queue (exit status 1; not expected)
2026-04-15 02:31:24,809 INFO spawned: 'queue' with pid 231
2026-04-15 02:31:25,825 INFO success: queue entered RUNNING state, process has stayed up for > than 1 seconds (startsecs)
2026-04-15 02:31:27,745 WARN exited: queue (exit status 1; not expected)
2026-04-15 02:31:28,751 INFO spawned: 'queue' with pid 236
2026-04-15 02:31:29,755 INFO success: queue entered RUNNING state, process has stayed up for > than 1 seconds (startsecs)
2026-04-15 02:31:30,452 WARN exited: queue (exit status 1; not expected)
2026-04-15 02:31:31,451 INFO spawned: 'queue' with pid 241
2026-04-15 02:31:32,454 INFO success: queue entered RUNNING state, process has stayed up for > than 1 seconds (startsecs)
2026-04-15 02:31:32,740 WARN exited: queue (exit status 1; not expected)
2026-04-15 02:31:33,746 INFO spawned: 'queue' with pid 246
2026-04-15 02:31:34,748 INFO success: queue entered RUNNING state, process has stayed up for > than 1 seconds (startsecs)
2026-04-15 02:31:35,289 WARN exited: queue (exit status 1; not expected)
2026-04-15 02:31:36,341 INFO spawned: 'queue' with pid 251
2026-04-15 02:31:37,372 INFO success: queue entered RUNNING state, process has stayed up for > than 1 seconds (startsecs)
2026-04-15 02:31:38,086 WARN exited: queue (exit status 1; not expected)
2026-04-15 02:31:39,091 INFO spawned: 'queue' with pid 256
2026-04-15 02:31:40,098 INFO success: queue entered RUNNING state, process has stayed up for > than 1 seconds (startsecs)
2026-04-15 02:31:40,374 WARN exited: queue (exit status 1; not expected)
2026-04-15 02:31:41,379 INFO spawned: 'queue' with pid 261
2026-04-15 02:31:42,384 INFO success: queue entered RUNNING state, process has stayed up for > than 1 seconds (startsecs)
2026-04-15 02:31:42,526 WARN exited: queue (exit status 1; not expected)
2026-04-15 02:31:43,532 INFO spawned: 'queue' with pid 266
2026-04-15 02:31:44,540 INFO success: queue entered RUNNING state, process has stayed up for > than 1 seconds (startsecs)
2026-04-15 02:31:44,899 WARN exited: queue (exit status 1; not expected)
2026-04-15 02:31:45,911 INFO spawned: 'queue' with pid 271
2026-04-15 02:31:46,943 INFO success: queue entered RUNNING state, process has stayed up for > than 1 seconds (startsecs)
2026-04-15 02:31:47,498 WARN exited: queue (exit status 1; not expected)
2026-04-15 02:31:48,505 INFO spawned: 'queue' with pid 276
2026-04-15 02:31:49,508 INFO success: queue entered RUNNING state, process has stayed up for > than 1 seconds (startsecs)
2026-04-15 02:31:50,986 WARN exited: queue (exit status 1; not expected)
2026-04-15 02:31:51,995 INFO spawned: 'queue' with pid 281
2026-04-15 02:31:53,000 INFO success: queue entered RUNNING state, process has stayed up for > than 1 seconds (startsecs)
2026-04-15 02:31:53,836 WARN exited: queue (exit status 1; not expected)
2026-04-15 02:31:54,842 INFO spawned: 'queue' with pid 286
2026-04-15 02:31:55,852 INFO success: queue entered RUNNING state, process has stayed up for > than 1 seconds (startsecs)
2026-04-15 02:31:57,420 WARN exited: queue (exit status 1; not expected)
2026-04-15 02:31:57,425 INFO spawned: 'queue' with pid 291
2026-04-15 02:31:58,431 INFO success: queue entered RUNNING state, process has stayed up for > than 1 seconds (startsecs)
2026-04-15 02:31:58,826 WARN exited: queue (exit status 1; not expected)
2026-04-15 02:31:59,834 INFO spawned: 'queue' with pid 296
2026-04-15 02:32:00,832 INFO success: queue entered RUNNING state, process has stayed up for > than 1 seconds (startsecs)
2026-04-15 02:32:01,279 WARN exited: queue (exit status 1; not expected)
2026-04-15 02:32:02,285 INFO spawned: 'queue' with pid 301
2026-04-15 02:32:03,288 INFO success: queue entered RUNNING state, process has stayed up for > than 1 seconds (startsecs)
2026-04-15 02:32:03,949 WARN exited: queue (exit status 1; not expected)
2026-04-15 02:32:04,956 INFO spawned: 'queue' with pid 306
2026-04-15 02:32:05,960 INFO success: queue entered RUNNING state, process has stayed up for > than 1 seconds (startsecs)
2026-04-15 02:32:08,550 WARN exited: queue (exit status 1; not expected)
2026-04-15 02:32:09,557 INFO spawned: 'queue' with pid 311
2026-04-15 02:32:10,560 INFO success: queue entered RUNNING state, process has stayed up for > than 1 seconds (startsecs)
2026-04-15 02:32:11,049 WARN exited: queue (exit status 1; not expected)
2026-04-15 02:32:12,055 INFO spawned: 'queue' with pid 316
2026-04-15 02:32:13,063 INFO success: queue entered RUNNING state, process has stayed up for > than 1 seconds (startsecs)
2026-04-15 02:32:14,550 WARN exited: queue (exit status 1; not expected)
2026-04-15 02:32:15,563 INFO spawned: 'queue' with pid 321
2026-04-15 02:32:16,595 INFO success: queue entered RUNNING state, process has stayed up for > than 1 seconds (startsecs)
2026-04-15 02:32:17,649 WARN exited: queue (exit status 1; not expected)
2026-04-15 02:32:18,655 INFO spawned: 'queue' with pid 326
2026-04-15 02:32:19,667 INFO success: queue entered RUNNING state, process has stayed up for > than 1 seconds (startsecs)
2026-04-15 02:32:20,036 WARN exited: queue (exit status 1; not expected)
2026-04-15 02:32:21,044 INFO spawned: 'queue' with pid 331
2026-04-15 02:32:22,048 INFO success: queue entered RUNNING state, process has stayed up for > than 1 seconds (startsecs)
2026-04-15 02:32:22,943 WARN exited: queue (exit status 1; not expected)
2026-04-15 02:32:23,949 INFO spawned: 'queue' with pid 336
2026-04-15 02:32:24,967 INFO success: queue entered RUNNING state, process has stayed up for > than 1 seconds (startsecs)
2026-04-15 02:32:27,772 WARN exited: queue (exit status 1; not expected)
2026-04-15 02:32:28,778 INFO spawned: 'queue' with pid 341
2026-04-15 02:32:29,880 INFO success: queue entered RUNNING state, process has stayed up for > than 1 seconds (startsecs)
2026-04-15 02:32:31,946 WARN exited: queue (exit status 1; not expected)
2026-04-15 02:32:32,951 INFO spawned: 'queue' with pid 346
2026-04-15 02:32:33,956 INFO success: queue entered RUNNING state, process has stayed up for > than 1 seconds (startsecs)
2026-04-15 02:32:37,784 WARN exited: queue (exit status 1; not expected)
2026-04-15 02:32:38,797 INFO spawned: 'queue' with pid 351
2026-04-15 02:32:39,942 INFO success: queue entered RUNNING state, process has stayed up for > than 1 seconds (startsecs)
2026-04-15 02:32:42,237 WARN exited: queue (exit status 1; not expected)
2026-04-15 02:32:43,261 INFO spawned: 'queue' with pid 356
2026-04-15 02:32:44,331 INFO success: queue entered RUNNING state, process has stayed up for > than 1 seconds (startsecs)
2026-04-15 02:32:48,508 WARN exited: queue (exit status 1; not expected)
2026-04-15 02:32:48,748 INFO spawned: 'queue' with pid 362
2026-04-15 02:32:49,755 INFO success: queue entered RUNNING state, process has stayed up for > than 1 seconds (startsecs)
2026-04-15 02:32:52,427 WARN exited: queue (exit status 1; not expected)
2026-04-15 02:32:53,330 INFO spawned: 'queue' with pid 367
2026-04-15 02:32:54,343 INFO success: queue entered RUNNING state, process has stayed up for > than 1 seconds (startsecs)
2026-04-15 02:32:57,311 WARN exited: queue (exit status 1; not expected)
2026-04-15 02:32:58,317 INFO spawned: 'queue' with pid 372
2026-04-15 02:32:59,320 INFO success: queue entered RUNNING state, process has stayed up for > than 1 seconds (startsecs)
2026-04-15 02:33:00,127 WARN exited: queue (exit status 1; not expected)
2026-04-15 02:33:01,127 INFO spawned: 'queue' with pid 377
2026-04-15 02:33:02,131 INFO success: queue entered RUNNING state, process has stayed up for > than 1 seconds (startsecs)
2026-04-15 02:33:02,812 WARN exited: queue (exit status 1; not expected)
2026-04-15 02:33:03,818 INFO spawned: 'queue' with pid 382
2026-04-15 02:33:04,822 INFO success: queue entered RUNNING state, process has stayed up for > than 1 seconds (startsecs)
2026-04-15 02:33:05,617 WARN exited: queue (exit status 1; not expected)
2026-04-15 02:33:06,628 INFO spawned: 'queue' with pid 387
2026-04-15 02:33:07,636 INFO success: queue entered RUNNING state, process has stayed up for > than 1 seconds (startsecs)
2026-04-15 02:33:08,424 WARN exited: queue (exit status 1; not expected)
2026-04-15 02:33:08,430 INFO spawned: 'queue' with pid 392
2026-04-15 02:33:09,434 INFO success: queue entered RUNNING state, process has stayed up for > than 1 seconds (startsecs)
2026-04-15 02:33:09,832 WARN exited: queue (exit status 1; not expected)
2026-04-15 02:33:10,838 INFO spawned: 'queue' with pid 397
2026-04-15 02:33:11,842 INFO success: queue entered RUNNING state, process has stayed up for > than 1 seconds (startsecs)
2026-04-15 02:33:12,219 WARN exited: queue (exit status 1; not expected)
2026-04-15 02:33:13,226 INFO spawned: 'queue' with pid 402
2026-04-15 02:33:14,230 INFO success: queue entered RUNNING state, process has stayed up for > than 1 seconds (startsecs)
2026-04-15 02:33:14,552 WARN exited: queue (exit status 1; not expected)
2026-04-15 02:33:15,560 INFO spawned: 'queue' with pid 407
2026-04-15 02:33:16,563 INFO success: queue entered RUNNING state, process has stayed up for > than 1 seconds (startsecs)
2026-04-15 02:33:17,441 WARN exited: queue (exit status 1; not expected)
2026-04-15 02:33:18,447 INFO spawned: 'queue' with pid 412
2026-04-15 02:33:19,451 INFO success: queue entered RUNNING state, process has stayed up for > than 1 seconds (startsecs)
2026-04-15 02:33:19,858 WARN exited: queue (exit status 1; not expected)
2026-04-15 02:33:20,869 INFO spawned: 'queue' with pid 417
2026-04-15 02:33:21,874 INFO success: queue entered RUNNING state, process has stayed up for > than 1 seconds (startsecs)
2026-04-15 02:33:22,612 WARN exited: queue (exit status 1; not expected)
2026-04-15 02:33:23,619 INFO spawned: 'queue' with pid 422
2026-04-15 02:33:24,623 INFO success: queue entered RUNNING state, process has stayed up for > than 1 seconds (startsecs)
2026-04-15 02:33:25,117 WARN exited: queue (exit status 1; not expected)
2026-04-15 02:33:26,124 INFO spawned: 'queue' with pid 427
2026-04-15 02:33:27,129 INFO success: queue entered RUNNING state, process has stayed up for > than 1 seconds (startsecs)
2026-04-15 02:33:28,086 WARN exited: queue (exit status 1; not expected)
2026-04-15 02:33:29,092 INFO spawned: 'queue' with pid 432
2026-04-15 02:33:30,095 INFO success: queue entered RUNNING state, process has stayed up for > than 1 seconds (startsecs)
2026-04-15 02:33:30,457 WARN exited: queue (exit status 1; not expected)
2026-04-15 02:33:31,456 INFO spawned: 'queue' with pid 437
2026-04-15 02:33:32,462 INFO success: queue entered RUNNING state, process has stayed up for > than 1 seconds (startsecs)
2026-04-15 02:33:32,938 WARN exited: queue (exit status 1; not expected)
2026-04-15 02:33:33,943 INFO spawned: 'queue' with pid 449
2026-04-15 02:33:34,947 INFO success: queue entered RUNNING state, process has stayed up for > than 1 seconds (startsecs)
2026-04-15 02:39:03,669 INFO reaped unknown pid 536 (exit status 0)
2026-04-15 03:01:10,549 WARN received SIGQUIT indicating exit request
2026-04-15 03:01:10,570 INFO waiting for nginx, php-fpm, queue to die
2026-04-15 03:01:10,746 INFO stopped: queue (exit status 0)
2026-04-15 03:01:24,238 CRIT Supervisor is running as root.  Privileges were not dropped because no user is specified in the config file.  If you intend to run as root, you can set user=root in the config file to avoid this message.
2026-04-15 03:01:24,258 INFO supervisord started with pid 1
2026-04-15 03:01:25,271 INFO spawned: 'nginx' with pid 10
2026-04-15 03:01:25,288 INFO spawned: 'php-fpm' with pid 11
2026-04-15 03:01:25,311 INFO spawned: 'queue' with pid 12
2026-04-15 03:01:26,596 INFO success: nginx entered RUNNING state, process has stayed up for > than 1 seconds (startsecs)
2026-04-15 03:01:26,598 INFO success: php-fpm entered RUNNING state, process has stayed up for > than 1 seconds (startsecs)
2026-04-15 03:01:26,599 INFO success: queue entered RUNNING state, process has stayed up for > than 1 seconds (startsecs)
2026-04-15 03:02:45,169 INFO reaped unknown pid 56 (exit status 0)
2026-04-15 03:04:45,144 WARN exited: queue (exit status 1; not expected)
2026-04-15 03:04:46,154 INFO spawned: 'queue' with pid 75
2026-04-15 03:04:47,158 INFO success: queue entered RUNNING state, process has stayed up for > than 1 seconds (startsecs)
2026-04-15 03:08:19,392 INFO reaped unknown pid 134 (exit status 0)
2026-04-15 03:11:54,434 INFO reaped unknown pid 189 (exit status 0)
2026-04-15 03:13:55,709 INFO reaped unknown pid 250 (exit status 0)
2026-04-15 03:14:17,733 WARN received SIGQUIT indicating exit request
2026-04-15 03:14:17,771 INFO waiting for nginx, php-fpm, queue to die
2026-04-15 03:14:17,880 INFO stopped: queue (exit status 0)
2026-04-15 03:14:18,002 INFO stopped: php-fpm (exit status 0)
2026-04-15 03:14:18,058 INFO stopped: nginx (exit status 0)
2026-04-15 03:14:20,116 CRIT Supervisor is running as root.  Privileges were not dropped because no user is specified in the config file.  If you intend to run as root, you can set user=root in the config file to avoid this message.
2026-04-15 03:14:20,126 INFO supervisord started with pid 1
2026-04-15 03:14:21,130 INFO spawned: 'nginx' with pid 10
2026-04-15 03:14:21,135 INFO spawned: 'php-fpm' with pid 11
2026-04-15 03:14:21,140 INFO spawned: 'queue' with pid 12
2026-04-15 03:14:22,216 INFO success: nginx entered RUNNING state, process has stayed up for > than 1 seconds (startsecs)
2026-04-15 03:14:22,219 INFO success: php-fpm entered RUNNING state, process has stayed up for > than 1 seconds (startsecs)
2026-04-15 03:14:22,220 INFO success: queue entered RUNNING state, process has stayed up for > than 1 seconds (startsecs)
2026-04-15 03:22:43,886 INFO reaped unknown pid 57 (exit status 0)
2026-04-15 03:23:33,541 INFO reaped unknown pid 98 (exit status 0)
2026-04-15 03:44:26,515 CRIT Supervisor is running as root.  Privileges were not dropped because no user is specified in the config file.  If you intend to run as root, you can set user=root in the config file to avoid this message.
2026-04-15 03:44:26,770 INFO supervisord started with pid 1
2026-04-15 03:44:27,835 INFO spawned: 'nginx' with pid 11
2026-04-15 03:44:27,862 INFO spawned: 'php-fpm' with pid 12
2026-04-15 03:44:27,890 INFO spawned: 'queue' with pid 13
2026-04-15 03:44:29,161 INFO success: nginx entered RUNNING state, process has stayed up for > than 1 seconds (startsecs)
2026-04-15 03:44:29,186 INFO success: php-fpm entered RUNNING state, process has stayed up for > than 1 seconds (startsecs)
2026-04-15 03:44:29,202 INFO success: queue entered RUNNING state, process has stayed up for > than 1 seconds (startsecs)
2026-04-15 03:58:34,422 INFO reaped unknown pid 59 (exit status 0)
2026-04-15 05:13:00,019 CRIT Supervisor is running as root.  Privileges were not dropped because no user is specified in the config file.  If you intend to run as root, you can set user=root in the config file to avoid this message.
2026-04-15 05:13:00,021 INFO supervisord started with pid 1
2026-04-15 05:13:01,023 INFO spawned: 'nginx' with pid 10
2026-04-15 05:13:01,024 INFO spawned: 'php-fpm' with pid 11
2026-04-15 05:13:01,026 INFO spawned: 'queue' with pid 12
2026-04-15 05:13:01,387 WARN exited: queue (exit status 1; not expected)
2026-04-15 05:13:02,388 INFO success: nginx entered RUNNING state, process has stayed up for > than 1 seconds (startsecs)
2026-04-15 05:13:02,388 INFO success: php-fpm entered RUNNING state, process has stayed up for > than 1 seconds (startsecs)
2026-04-15 05:13:02,389 INFO spawned: 'queue' with pid 23
2026-04-15 05:13:02,709 WARN exited: queue (exit status 1; not expected)
2026-04-15 05:13:04,712 INFO spawned: 'queue' with pid 28
2026-04-15 05:13:05,049 WARN exited: queue (exit status 1; not expected)
2026-04-15 05:13:08,053 INFO spawned: 'queue' with pid 33
2026-04-15 05:13:08,359 WARN exited: queue (exit status 1; not expected)
2026-04-15 05:13:09,361 INFO gave up: queue entered FATAL state, too many start retries too quickly
2026-04-15 05:18:20,668 WARN received SIGQUIT indicating exit request
2026-04-15 05:18:20,669 INFO waiting for nginx, php-fpm to die
2026-04-15 05:18:21,681 INFO stopped: php-fpm (exit status 0)
2026-04-15 05:18:21,684 INFO stopped: nginx (exit status 0)
2026-04-15 05:18:22,232 CRIT Supervisor is running as root.  Privileges were not dropped because no user is specified in the config file.  If you intend to run as root, you can set user=root in the config file to avoid this message.
2026-04-15 05:18:22,234 INFO supervisord started with pid 1
2026-04-15 05:18:23,235 INFO spawned: 'nginx' with pid 10
2026-04-15 05:18:23,237 INFO spawned: 'php-fpm' with pid 11
2026-04-15 05:18:23,238 INFO spawned: 'queue' with pid 12
2026-04-15 05:18:23,489 WARN exited: queue (exit status 1; not expected)
2026-04-15 05:18:24,490 INFO success: nginx entered RUNNING state, process has stayed up for > than 1 seconds (startsecs)
2026-04-15 05:18:24,490 INFO success: php-fpm entered RUNNING state, process has stayed up for > than 1 seconds (startsecs)
2026-04-15 05:18:24,492 INFO spawned: 'queue' with pid 23
2026-04-15 05:18:24,660 WARN exited: queue (exit status 1; not expected)
2026-04-15 05:18:26,663 INFO spawned: 'queue' with pid 28
2026-04-15 05:18:26,830 WARN exited: queue (exit status 1; not expected)
2026-04-15 05:18:29,835 INFO spawned: 'queue' with pid 33
2026-04-15 05:18:30,000 WARN exited: queue (exit status 1; not expected)
2026-04-15 05:18:31,001 INFO gave up: queue entered FATAL state, too many start retries too quickly
2026-04-15 05:23:15,872 WARN received SIGQUIT indicating exit request
2026-04-15 05:23:15,872 INFO waiting for nginx, php-fpm to die
2026-04-15 05:23:16,886 INFO stopped: php-fpm (exit status 0)
2026-04-15 05:23:16,889 INFO stopped: nginx (exit status 0)
2026-04-15 05:23:17,499 CRIT Supervisor is running as root.  Privileges were not dropped because no user is specified in the config file.  If you intend to run as root, you can set user=root in the config file to avoid this message.
2026-04-15 05:23:17,502 INFO supervisord started with pid 1
2026-04-15 05:23:18,504 INFO spawned: 'nginx' with pid 10
2026-04-15 05:23:18,505 INFO spawned: 'php-fpm' with pid 11
2026-04-15 05:23:18,506 INFO spawned: 'queue' with pid 12
2026-04-15 05:23:19,547 INFO success: nginx entered RUNNING state, process has stayed up for > than 1 seconds (startsecs)
2026-04-15 05:23:19,547 INFO success: php-fpm entered RUNNING state, process has stayed up for > than 1 seconds (startsecs)
2026-04-15 05:23:19,547 INFO success: queue entered RUNNING state, process has stayed up for > than 1 seconds (startsecs)
2026-04-15 05:24:06,404 WARN received SIGQUIT indicating exit request
2026-04-15 05:24:06,404 INFO waiting for nginx, php-fpm, queue to die
2026-04-15 05:24:06,414 INFO stopped: queue (exit status 0)
2026-04-15 05:24:06,429 INFO stopped: php-fpm (exit status 0)
2026-04-15 05:24:06,433 INFO stopped: nginx (exit status 0)
2026-04-15 05:24:06,849 CRIT Supervisor is running as root.  Privileges were not dropped because no user is specified in the config file.  If you intend to run as root, you can set user=root in the config file to avoid this message.
2026-04-15 05:24:06,850 INFO supervisord started with pid 1
2026-04-15 05:24:07,851 INFO spawned: 'nginx' with pid 10
2026-04-15 05:24:07,853 INFO spawned: 'php-fpm' with pid 11
2026-04-15 05:24:07,855 INFO spawned: 'queue' with pid 12
2026-04-15 05:24:08,962 INFO success: nginx entered RUNNING state, process has stayed up for > than 1 seconds (startsecs)
2026-04-15 05:24:08,962 INFO success: php-fpm entered RUNNING state, process has stayed up for > than 1 seconds (startsecs)
2026-04-15 05:24:08,962 INFO success: queue entered RUNNING state, process has stayed up for > than 1 seconds (startsecs)
2026-04-15 05:26:36,474 WARN received SIGQUIT indicating exit request
2026-04-15 05:26:36,475 INFO waiting for nginx, php-fpm, queue to die
2026-04-15 05:26:39,478 INFO waiting for nginx, php-fpm, queue to die
2026-04-15 05:26:39,493 INFO stopped: queue (exit status 0)
2026-04-15 05:26:39,508 INFO stopped: php-fpm (exit status 0)
2026-04-15 05:26:39,526 INFO stopped: nginx (exit status 0)
2026-04-15 05:26:40,044 CRIT Supervisor is running as root.  Privileges were not dropped because no user is specified in the config file.  If you intend to run as root, you can set user=root in the config file to avoid this message.
2026-04-15 05:26:40,047 INFO supervisord started with pid 1
2026-04-15 05:26:41,051 INFO spawned: 'nginx' with pid 10
2026-04-15 05:26:41,054 INFO spawned: 'php-fpm' with pid 11
2026-04-15 05:26:41,056 INFO spawned: 'queue' with pid 12
2026-04-15 05:26:42,143 INFO success: nginx entered RUNNING state, process has stayed up for > than 1 seconds (startsecs)
2026-04-15 05:26:42,143 INFO success: php-fpm entered RUNNING state, process has stayed up for > than 1 seconds (startsecs)
2026-04-15 05:26:42,143 INFO success: queue entered RUNNING state, process has stayed up for > than 1 seconds (startsecs)
2026-04-15 05:26:45,146 WARN received SIGQUIT indicating exit request
2026-04-15 05:26:45,146 INFO waiting for nginx, php-fpm, queue to die
2026-04-15 05:26:45,159 INFO stopped: queue (exit status 0)
2026-04-15 05:26:45,164 INFO stopped: php-fpm (exit status 0)
2026-04-15 05:26:45,169 INFO stopped: nginx (exit status 0)
2026-04-15 05:26:53,904 CRIT Supervisor is running as root.  Privileges were not dropped because no user is specified in the config file.  If you intend to run as root, you can set user=root in the config file to avoid this message.
2026-04-15 05:26:53,906 INFO supervisord started with pid 1
2026-04-15 05:26:54,912 INFO spawned: 'nginx' with pid 9
2026-04-15 05:26:54,917 INFO spawned: 'php-fpm' with pid 10
2026-04-15 05:26:54,918 INFO spawned: 'queue' with pid 11
2026-04-15 05:26:55,970 INFO success: nginx entered RUNNING state, process has stayed up for > than 1 seconds (startsecs)
2026-04-15 05:26:55,970 INFO success: php-fpm entered RUNNING state, process has stayed up for > than 1 seconds (startsecs)
2026-04-15 05:26:55,970 INFO success: queue entered RUNNING state, process has stayed up for > than 1 seconds (startsecs)
2026-04-15 05:34:15,392 INFO reaped unknown pid 111 (exit status 0)
2026-04-15 05:40:33,621 INFO reaped unknown pid 168 (exit status 0)
2026-04-15 05:44:41,209 INFO reaped unknown pid 264 (exit status 0)
2026-04-15 05:45:11,678 WARN received SIGQUIT indicating exit request
2026-04-15 05:45:11,689 INFO waiting for nginx, php-fpm, queue to die
2026-04-15 05:45:11,968 INFO stopped: queue (exit status 0)
2026-04-15 05:45:13,056 INFO stopped: php-fpm (exit status 0)
2026-04-15 05:45:14,088 INFO stopped: nginx (exit status 0)
2026-04-15 05:45:15,197 CRIT Supervisor is running as root.  Privileges were not dropped because no user is specified in the config file.  If you intend to run as root, you can set user=root in the config file to avoid this message.
2026-04-15 05:45:15,201 INFO supervisord started with pid 1
2026-04-15 05:45:16,203 INFO spawned: 'nginx' with pid 10
2026-04-15 05:45:16,205 INFO spawned: 'php-fpm' with pid 11
2026-04-15 05:45:16,209 INFO spawned: 'queue' with pid 12
2026-04-15 05:45:17,369 INFO success: nginx entered RUNNING state, process has stayed up for > than 1 seconds (startsecs)
2026-04-15 05:45:17,369 INFO success: php-fpm entered RUNNING state, process has stayed up for > than 1 seconds (startsecs)
2026-04-15 05:45:17,369 INFO success: queue entered RUNNING state, process has stayed up for > than 1 seconds (startsecs)
2026-04-15 05:47:16,962 INFO reaped unknown pid 117 (exit status 0)
2026-04-15 05:51:40,524 INFO reaped unknown pid 283 (exit status 0)
2026-04-15 05:52:52,010 INFO reaped unknown pid 329 (exit status 0)
2026-04-15 05:53:56,861 INFO reaped unknown pid 372 (exit status 0)
2026-04-15 05:58:27,539 INFO reaped unknown pid 518 (exit status 0)
2026-04-15 05:59:18,909 INFO reaped unknown pid 582 (exit status 0)
2026-04-15 06:01:02,763 INFO reaped unknown pid 623 (exit status 0)
2026-04-15 06:04:22,508 INFO reaped unknown pid 668 (exit status 0)
2026-04-15 06:04:38,059 INFO reaped unknown pid 709 (exit status 0)
2026-04-15 06:05:00,236 INFO reaped unknown pid 746 (exit status 0)
2026-04-15 06:09:50,547 INFO reaped unknown pid 790 (exit status 0)
2026-04-15 06:10:16,566 INFO reaped unknown pid 830 (exit status 0)
2026-04-15 06:46:09,585 INFO reaped unknown pid 867 (exit status 0)
2026-04-15 06:59:57,082 INFO reaped unknown pid 903 (exit status 0)
2026-04-15 07:02:58,550 INFO reaped unknown pid 939 (exit status 0)
2026-04-15 07:06:38,881 INFO reaped unknown pid 976 (exit status 0)
2026-04-15 07:08:55,184 INFO reaped unknown pid 1020 (exit status 0)
2026-04-15 07:10:51,431 WARN received SIGQUIT indicating exit request
2026-04-15 07:10:51,443 INFO waiting for nginx, php-fpm, queue to die
2026-04-15 07:10:51,846 INFO stopped: queue (exit status 0)
2026-04-15 07:10:51,951 INFO stopped: php-fpm (exit status 0)
2026-04-15 07:10:51,981 INFO stopped: nginx (exit status 0)
2026-04-15 07:10:59,940 CRIT Supervisor is running as root.  Privileges were not dropped because no user is specified in the config file.  If you intend to run as root, you can set user=root in the config file to avoid this message.
2026-04-15 07:10:59,953 INFO supervisord started with pid 1
2026-04-15 07:11:00,960 INFO spawned: 'nginx' with pid 9
2026-04-15 07:11:00,961 INFO spawned: 'php-fpm' with pid 10
2026-04-15 07:11:00,964 INFO spawned: 'queue' with pid 11
2026-04-15 07:11:02,138 INFO success: nginx entered RUNNING state, process has stayed up for > than 1 seconds (startsecs)
2026-04-15 07:11:02,140 INFO success: php-fpm entered RUNNING state, process has stayed up for > than 1 seconds (startsecs)
2026-04-15 07:11:02,140 INFO success: queue entered RUNNING state, process has stayed up for > than 1 seconds (startsecs)
2026-04-15 07:15:16,531 INFO reaped unknown pid 52 (exit status 0)
2026-04-15 07:17:41,182 INFO reaped unknown pid 89 (exit status 0)
2026-04-15 07:26:29,010 INFO reaped unknown pid 126 (exit status 0)
2026-04-15 09:50:55,000 INFO reaped unknown pid 170 (exit status 0)
2026-04-15 09:53:26,572 INFO reaped unknown pid 206 (exit status 0)
2026-04-15 09:58:27,326 INFO reaped unknown pid 243 (exit status 0)
2026-04-15 10:09:04,877 INFO reaped unknown pid 293 (exit status 0)
2026-04-15 10:10:49,192 INFO reaped unknown pid 335 (exit status 0)
2026-04-15 10:12:50,437 INFO reaped unknown pid 379 (exit status 0)
2026-04-15 10:14:23,568 INFO reaped unknown pid 416 (exit status 0)
2026-04-15 10:15:14,667 INFO reaped unknown pid 452 (exit status 0)
2026-04-15 10:17:02,847 INFO reaped unknown pid 496 (exit status 0)
2026-04-15 10:23:33,836 INFO reaped unknown pid 535 (exit status 0)
2026-04-15 10:25:15,831 INFO reaped unknown pid 572 (exit status 0)
2026-04-15 10:30:05,843 INFO reaped unknown pid 608 (exit status 0)
2026-04-15 10:35:44,286 INFO reaped unknown pid 645 (exit status 0)
2026-04-15 10:37:40,001 INFO reaped unknown pid 682 (exit status 0)
2026-04-15 10:39:35,947 INFO reaped unknown pid 719 (exit status 0)
2026-04-15 10:42:50,453 INFO reaped unknown pid 756 (exit status 0)
2026-04-15 10:45:02,523 INFO reaped unknown pid 793 (exit status 0)
